{
  "stats": {
    "suites": 1,
    "tests": 2,
    "passes": 2,
    "pending": 0,
    "failures": 0,
    "start": "2020-11-27T09:53:28.464Z",
    "end": "2020-11-27T09:53:32.435Z",
    "duration": 3971,
    "testsRegistered": 2,
    "passPercent": 100,
    "pendingPercent": 0,
    "other": 0,
    "hasOther": false,
    "skipped": 0,
    "hasSkipped": false
  },
  "results": [
    {
      "uuid": "9f5b0a58-5d8d-4540-a7a9-59fb517b348e",
      "title": "",
      "fullFile": "cypress\\integration\\examples\\fakeTest.js",
      "file": "cypress\\integration\\examples\\fakeTest.js",
      "beforeHooks": [],
      "afterHooks": [],
      "tests": [],
      "suites": [
        {
          "uuid": "c2ad5bd3-1073-44d3-9234-e4978ee02cfb",
          "title": "Mocking the request",
          "fullFile": "",
          "file": "",
          "beforeHooks": [],
          "afterHooks": [],
          "tests": [
            {
              "title": "Mocking the PUT request for invalid request",
              "fullTitle": "Mocking the request Mocking the PUT request for invalid request",
              "timedOut": null,
              "duration": 1835,
              "state": "passed",
              "speed": "slow",
              "pass": true,
              "fail": false,
              "pending": false,
              "context": null,
              "code": "var message = 'Hey,comment don\\'t exist';\ncy.server();\ncy.route({\n  method: 'PUT',\n  url: 'comments/*',\n  status: 404,\n  response: {\n    error: message\n  },\n  delay: 1000 //ms\n}).as('updateComment');\ncy.visit('https://example.cypress.io/commands/network-requests');\ncy.get('.network-put').click();\ncy.get('.network-put-comment').should('contain', message);",
              "err": {},
              "uuid": "df096976-c077-41a1-aa3e-e91d9aed41f1",
              "parentUUID": "c2ad5bd3-1073-44d3-9234-e4978ee02cfb",
              "isHook": false,
              "skipped": false
            },
            {
              "title": "Doing call API using cypress without cypress",
              "fullTitle": "Mocking the request Doing call API using cypress without cypress",
              "timedOut": null,
              "duration": 156,
              "state": "passed",
              "speed": "slow",
              "pass": true,
              "fail": false,
              "pending": false,
              "context": null,
              "code": "cy.server();\nvar body = {\n  \"name\": \"Learn Appium Automation with Java\",\n  \"isbn\": \"bvt\",\n  \"aisle\": \"api\",\n  \"author\": \"John foe\"\n};\ncy.request('POST', 'http://216.10.245.166/Library/Addbook.php', body).then(function (response) {\n  expect(response.body).to.have.property(\"Msg\", \"successfully added\");\n  expect(response.body).to.have.property(\"ID\", body.isbn + body.aisle);\n  expect(response.status).to.eq(200);\n});",
              "err": {},
              "uuid": "bef2412f-6754-4cdd-a2a8-98878e6f8022",
              "parentUUID": "c2ad5bd3-1073-44d3-9234-e4978ee02cfb",
              "isHook": false,
              "skipped": false
            }
          ],
          "suites": [],
          "passes": [
            "df096976-c077-41a1-aa3e-e91d9aed41f1",
            "bef2412f-6754-4cdd-a2a8-98878e6f8022"
          ],
          "failures": [],
          "pending": [],
          "skipped": [],
          "duration": 1991,
          "root": false,
          "rootEmpty": false,
          "_timeout": 2000
        }
      ],
      "passes": [],
      "failures": [],
      "pending": [],
      "skipped": [],
      "duration": 0,
      "root": true,
      "rootEmpty": true,
      "_timeout": 2000
    }
  ],
  "meta": {
    "mocha": {
      "version": "7.0.1"
    },
    "mochawesome": {
      "options": {
        "quiet": false,
        "reportFilename": "mochawesome",
        "saveHtml": true,
        "saveJson": true,
        "consoleReporter": "spec",
        "useInlineDiffs": false,
        "code": true
      },
      "version": "6.2.1"
    },
    "marge": {
      "options": null,
      "version": "5.1.0"
    }
  }
}